[2025-09-16 10:32:49.368] [info] Using configuration file /home/vibewill/.config/waybar/config.jsonc
[2025-09-16 10:32:49.372] [info] Discovered appearance 'dark'
[2025-09-16 10:32:49.372] [info] Using CSS file /home/vibewill/.config/waybar/style.css
[2025-09-16 10:32:49.378] [info] Hyprland IPC starting
[2025-09-16 10:32:49.379] [info] Loading persistent workspaces from Hyprland workspace rules
[2025-09-16 10:32:49.380] [warning] 'swap-icon-label' must be a bool.
[2025-09-16 10:32:49.393] [warning] No batteries.
[2025-09-16 10:32:49.525] [error] Host: GDBus.Error:org.freedesktop.DBus.Error.UnknownObject: No such object path '/StatusNotifierWatcher'
[2025-09-16 10:32:49.548] [info] Bar configured (width: 1380, height: 32) for output: HDMI-A-1
head: write error: Pipe quebrado
[2025-09-16 10:37:18.398] [info] Using configuration file /home/vibewill/.config/waybar/config.jsonc
[2025-09-16 10:37:18.402] [info] Discovered appearance 'dark'
[2025-09-16 10:37:18.402] [info] Using CSS file /home/vibewill/.config/waybar/style.css
[2025-09-16 10:37:18.410] [info] Hyprland IPC starting
[2025-09-16 10:37:18.411] [info] Loading persistent workspaces from Hyprland workspace rules
[2025-09-16 10:37:18.411] [warning] 'swap-icon-label' must be a bool.
[2025-09-16 10:37:18.426] [warning] No batteries.
[2025-09-16 10:37:18.568] [error] Host: GDBus.Error:org.freedesktop.DBus.Error.UnknownObject: No such object path '/StatusNotifierWatcher'
[2025-09-16 10:37:18.591] [info] Bar configured (width: 1380, height: 32) for output: HDMI-A-1
Error in changeworkspace, invalid value
Error in changeworkspace, invalid value
Error in changeworkspace, invalid value
head: write error: Pipe quebrado
[2025-09-16 10:43:36.012] [info] Using configuration file /home/vibewill/.config/waybar/config.jsonc
[2025-09-16 10:43:36.015] [info] Discovered appearance 'dark'
[2025-09-16 10:43:36.015] [info] Using CSS file /home/vibewill/.config/waybar/style.css
[2025-09-16 10:43:36.026] [info] Hyprland IPC starting
[2025-09-16 10:43:36.026] [info] Loading persistent workspaces from Hyprland workspace rules
[2025-09-16 10:43:36.027] [warning] 'swap-icon-label' must be a bool.
[2025-09-16 10:43:36.039] [warning] No batteries.
[2025-09-16 10:43:36.079] [error] Host: GDBus.Error:org.freedesktop.DBus.Error.UnknownObject: No such object path '/StatusNotifierWatcher'
[2025-09-16 10:43:36.203] [info] Bar configured (width: 1380, height: 32) for output: HDMI-A-1
Error in changeworkspace, invalid value
ok
ok
ok
ok
ok
No player could handle this command
No player could handle this command
No player could handle this command
No player could handle this command
No player could handle this command
No player could handle this command
No player could handle this command
ok
No player could handle this command
ok
No player could handle this command
No player could handle this command
ok
Error in changeworkspace, invalid value
No player could handle this command
No player could handle this command
No player could handle this command
No player could handle this command
No player could handle this command
No player could handle this command
No player could handle this command
ok
No player could handle this command
ok
No player could handle this command
ok
Error in changeworkspace, invalid value
ok
ok
ok
No player could handle this command
No player could handle this command
No player could handle this command
No player could handle this command
ok
No player could handle this command
No player could handle this command
ok
ok
ok
ok
ok
ok
No player could handle this command
ok
ok
No player could handle this command
No player could handle this command
ok
ok
ok
date: write error: Pipe quebrado
[2025-09-16 14:25:38.178] [info] Using configuration file /home/vibewill/.config/waybar/config.jsonc
[2025-09-16 14:25:38.181] [info] Discovered appearance 'dark'
[2025-09-16 14:25:38.181] [info] Using CSS file /home/vibewill/.config/waybar/style.css
[2025-09-16 14:25:38.187] [info] Hyprland IPC starting
[2025-09-16 14:25:38.188] [info] Loading persistent workspaces from Hyprland workspace rules
[2025-09-16 14:25:38.188] [warning] 'swap-icon-label' must be a bool.
[2025-09-16 14:25:38.202] [warning] No batteries.
[2025-09-16 14:25:38.367] [info] Bar configured (width: 1380, height: 32) for output: HDMI-A-1
[2025-09-16 14:27:08.644] [info] Using configuration file /home/vibewill/.config/waybar/config.jsonc
[2025-09-16 14:27:08.648] [info] Discovered appearance 'dark'
[2025-09-16 14:27:08.648] [info] Using CSS file /home/vibewill/.config/waybar/style.css
[2025-09-16 14:27:08.655] [info] Hyprland IPC starting
[2025-09-16 14:27:08.656] [info] Loading persistent workspaces from Hyprland workspace rules
[2025-09-16 14:27:08.657] [warning] 'swap-icon-label' must be a bool.
[2025-09-16 14:27:08.669] [warning] No batteries.
[2025-09-16 14:27:08.810] [error] Host: GDBus.Error:org.freedesktop.DBus.Error.UnknownObject: No such object path '/StatusNotifierWatcher'
[2025-09-16 14:27:08.830] [info] Bar configured (width: 1380, height: 32) for output: HDMI-A-1
head: write error: Pipe quebrado
[2025-09-16 14:28:46.769] [info] Using configuration file /home/vibewill/.config/waybar/config.jsonc
[2025-09-16 14:28:46.772] [info] Discovered appearance 'dark'
[2025-09-16 14:28:46.772] [info] Using CSS file /home/vibewill/.config/waybar/style.css
[2025-09-16 14:28:46.779] [info] Hyprland IPC starting
[2025-09-16 14:28:46.780] [info] Loading persistent workspaces from Hyprland workspace rules
[2025-09-16 14:28:46.780] [warning] 'swap-icon-label' must be a bool.
[2025-09-16 14:28:46.794] [warning] No batteries.
[2025-09-16 14:28:46.938] [error] Host: GDBus.Error:org.freedesktop.DBus.Error.UnknownObject: No such object path '/StatusNotifierWatcher'
[2025-09-16 14:28:46.958] [info] Bar configured (width: 1380, height: 32) for output: HDMI-A-1
/home/vibewill/.config/waybar/scripts/background-apps.sh: linha 153: encontrado EOF inesperado enquanto procurava por `"' correspondente
/home/vibewill/.config/waybar/scripts/background-apps.sh: linha 146: encontrado EOF inesperado enquanto procurava por `"' correspondente
[2025-09-16 14:31:03.913] [info] Using configuration file /home/vibewill/.config/waybar/config.jsonc
[2025-09-16 14:31:03.915] [info] Discovered appearance 'dark'
[2025-09-16 14:31:03.915] [info] Using CSS file /home/vibewill/.config/waybar/style.css
[2025-09-16 14:31:03.923] [info] Hyprland IPC starting
[2025-09-16 14:31:03.924] [info] Loading persistent workspaces from Hyprland workspace rules
[2025-09-16 14:31:03.924] [warning] 'swap-icon-label' must be a bool.
[2025-09-16 14:31:03.939] [warning] No batteries.
[2025-09-16 14:31:04.100] [info] Bar configured (width: 1380, height: 32) for output: HDMI-A-1
ok

(wofi:1646487): Gtk-WARNING **: 14:37:01.888: Theme parsing error: <data>:5:19: 'backdrop-filter' is not a valid property name

(wofi:1646487): Gtk-WARNING **: 14:37:01.888: Theme parsing error: <data>:16:17: No property named 'transform'

(wofi:1646487): Gtk-WARNING **: 14:37:01.888: Theme parsing error: <data>:20:17: No property named 'transform'

(wofi:1646487): Gtk-WARNING **: 14:37:01.888: Theme parsing error: <data>:77:17: No property named 'transform'

(wofi:1646487): Gtk-WARNING **: 14:37:01.888: Theme parsing error: <data>:81:17: No property named 'transform'

(wofi:1646487): Gtk-WARNING **: 14:37:01.888: Theme parsing error: <data>:88:13: 'transform' is not a valid property name

(wofi:1646487): Gtk-WARNING **: 14:37:01.888: Theme parsing error: <data>:95:13: 'transform' is not a valid property name

(wofi:1646487): Gtk-WARNING **: 14:37:01.888: Theme parsing error: <data>:116:17: No property named 'transform'

(wofi:1646487): Gtk-WARNING **: 14:37:01.888: Theme parsing error: <data>:120:17: No property named 'transform'

(wofi:1646487): Gtk-CRITICAL **: 14:37:01.919: gtk_widget_set_size_request: assertion 'height >= -1' failed
ok
Gdk-Message: 14:37:03.979: Error reading events from display: Conexão fechada pela outra ponta
[2025-09-16 14:41:50.918] [info] Using configuration file /home/vibewill/.config/waybar/config.jsonc
[2025-09-16 14:41:50.922] [info] Discovered appearance 'dark'
[2025-09-16 14:41:50.922] [info] Using CSS file /home/vibewill/.config/waybar/style.css
[2025-09-16 14:41:50.938] [info] Hyprland IPC starting
[2025-09-16 14:41:50.941] [info] Loading persistent workspaces from Hyprland workspace rules
[2025-09-16 14:41:50.942] [warning] 'swap-icon-label' must be a bool.
[2025-09-16 14:41:50.972] [warning] No batteries.
[2025-09-16 14:41:51.127] [info] Bar configured (width: 1380, height: 32) for output: HDMI-A-1
ok
Error in changeworkspace, invalid value
Error in changeworkspace, invalid value
Error in changeworkspace, invalid value
No player could handle this command
ok
ok
Error in changeworkspace, invalid value
Error in changeworkspace, invalid value
ok
ok
No player could handle this command
ok
Error in changeworkspace, invalid value
Error in changeworkspace, invalid value
Error in changeworkspace, invalid value
ok

(wofi:1113954): Gtk-WARNING **: 01:31:23.730: Theme parsing error: <data>:5:19: 'backdrop-filter' is not a valid property name

(wofi:1113954): Gtk-WARNING **: 01:31:23.730: Theme parsing error: <data>:16:17: No property named 'transform'

(wofi:1113954): Gtk-WARNING **: 01:31:23.730: Theme parsing error: <data>:20:17: No property named 'transform'

(wofi:1113954): Gtk-WARNING **: 01:31:23.730: Theme parsing error: <data>:77:17: No property named 'transform'

(wofi:1113954): Gtk-WARNING **: 01:31:23.730: Theme parsing error: <data>:81:17: No property named 'transform'

(wofi:1113954): Gtk-WARNING **: 01:31:23.730: Theme parsing error: <data>:88:13: 'transform' is not a valid property name

(wofi:1113954): Gtk-WARNING **: 01:31:23.730: Theme parsing error: <data>:95:13: 'transform' is not a valid property name

(wofi:1113954): Gtk-WARNING **: 01:31:23.730: Theme parsing error: <data>:116:17: No property named 'transform'

(wofi:1113954): Gtk-WARNING **: 01:31:23.730: Theme parsing error: <data>:120:17: No property named 'transform'

(wofi:1113954): Gtk-CRITICAL **: 01:31:23.763: gtk_widget_set_size_request: assertion 'height >= -1' failed
Gdk-Message: 01:31:26.191: Error reading events from display: Pipe quebrado
[2025-09-18 10:59:51.750] [info] Using configuration file /home/vibewill/.config/waybar/config.jsonc
[2025-09-18 10:59:51.755] [info] Discovered appearance 'dark'
[2025-09-18 10:59:51.755] [info] Using CSS file /home/vibewill/.config/waybar/style.css
[2025-09-18 10:59:51.761] [info] Hyprland IPC starting
[2025-09-18 10:59:51.762] [info] Loading persistent workspaces from Hyprland workspace rules
[2025-09-18 10:59:51.763] [warning] 'swap-icon-label' must be a bool.
[2025-09-18 10:59:51.777] [warning] No batteries.
[2025-09-18 10:59:51.930] [info] Bar configured (width: 1380, height: 32) for output: HDMI-A-1
[2025-09-18 11:11:17.824] [info] Using configuration file /home/vibewill/.config/waybar/config.jsonc
[2025-09-18 11:11:17.829] [info] Discovered appearance 'dark'
[2025-09-18 11:11:17.829] [info] Using CSS file /home/vibewill/.config/waybar/style.css
[2025-09-18 11:11:17.830] [error] style.css:23:13'transform' is not a valid property name
[2025-09-18 11:14:55.232] [info] Using configuration file /home/vibewill/.config/waybar/config.jsonc
[2025-09-18 11:14:55.236] [info] Discovered appearance 'dark'
[2025-09-18 11:14:55.236] [info] Using CSS file /home/vibewill/.config/waybar/style.css
[2025-09-18 11:14:55.237] [error] style.css:23:13'transform' is not a valid property name
